MSBuild version 17.14.14+a129329f1 for .NET Framework

  Checking File Globs
  libUriParserDyn.vcxproj -> E:\daslang\daScript\hopeful-dewdney-b0681c\build\libUriParserDyn.dir\Release\libUriParserDyn.lib
  Generating include/modules/external_declare.inc
  Generating include/modules/external_need.inc
  Generating include/modules/external_pull.inc
  Generating include/modules/external_resolve.inc
  module_builtin_rtti.cpp
     Creating library E:/daslang/daScript/hopeful-dewdney-b0681c/lib/Release/libDaScriptDyn_runtime.lib and object E:/daslang/daScript/hopeful-dewdney-b0681c/lib/Release/libDaScriptDyn_runtime.exp
  Generating code
  Previous IPDB and IOBJ mismatch, fall back to full compilation.
  All 112161 functions were compiled because no usable IPDB/IOBJ from previous compilation was found.
  Finished generating code
  libDaScriptDyn_runtime.vcxproj -> E:\daslang\daScript\hopeful-dewdney-b0681c\bin\Release\libDaScriptDyn_runtime.dll
  libDaScriptDyn.vcxproj -> E:\daslang\daScript\hopeful-dewdney-b0681c\bin\Release\libDaScriptDyn.dll
  dasModuleAudio.vcxproj -> E:\daslang\daScript\hopeful-dewdney-b0681c\modules\dasAudio\dasModuleAudio.shared_module
  dasModuleMinfft.vcxproj -> E:\daslang\daScript\hopeful-dewdney-b0681c\modules\dasMinfft\dasModuleMinfft.shared_module
  Auto build dll exports
  dasModuleGlfw.vcxproj -> E:\daslang\daScript\hopeful-dewdney-b0681c\modules\dasGlfw\dasModuleGlfw.shared_module
  dasModuleLiveHost.vcxproj -> E:\daslang\daScript\hopeful-dewdney-b0681c\modules\dasLiveHost\dasModuleLiveHost.shared_module
  dasModuleHV.vcxproj -> E:\daslang\daScript\hopeful-dewdney-b0681c\modules\dasHV\dasModuleHV.shared_module
  dasModuleUnitTest.vcxproj -> E:\daslang\daScript\hopeful-dewdney-b0681c\modules\dasUnitTest\dasModuleUnitTest.shared_module
  dasModuleStdDlg.vcxproj -> E:\daslang\daScript\hopeful-dewdney-b0681c\modules\dasStdDlg\dasModuleStdDlg.shared_module
  dasModulePUGIXML.vcxproj -> E:\daslang\daScript\hopeful-dewdney-b0681c\modules\dasPUGIXML\dasModulePUGIXML.shared_module
  dasModuleStbImage.vcxproj -> E:\daslang\daScript\hopeful-dewdney-b0681c\modules\dasStbImage\dasModuleStbImage.shared_module
  daslang.vcxproj -> E:\daslang\daScript\hopeful-dewdney-b0681c\bin\Release\daslang.exe
