MSBuild version 17.14.14+a129329f1 for .NET Framework

  Checking File Globs
  libUriParser.vcxproj -> E:\daslang\daScript\hopeful-dewdney-b0681c\lib\Release\libUriParser.lib
  Generating modules/dasUnitTest/unit_test.das.inc
  Generating include/modules/external_declare.inc
  -- XXD: modules/dasUnitTest/unit_test.das has not been modified. C-array generation is skipped.
  Generating include/modules/external_need.inc
C:\Program Files\Microsoft Visual Studio\2022\Community\MSBuild\Microsoft\VC\v170\Microsoft.CppCommon.targets(254,5): warning MSB8065: Custom build for item "E:\daslang\daScript\hopeful-dewdney-b0681c\build\CMakeFiles\5d9f1be7e03b82b3abcc72792a67cdb3\unit_test.das.inc.rule" succeeded, but specified output "e:\daslang\dascript\hopeful-dewdney-b0681c\build\modules\dasunittest\unit_test.das.inc" has not been created. This may cause incremental build to work incorrectly. [E:\daslang\daScript\hopeful-dewdney-b0681c\build\libDasModuleUnitTest_xxd.vcxproj]
  Generating include/modules/external_pull.inc
  Generating include/modules/external_resolve.inc
  libDaScript_runtime.vcxproj -> E:\daslang\daScript\hopeful-dewdney-b0681c\lib\Release\libDaScript_runtime.lib
  libDaScript.vcxproj -> E:\daslang\daScript\hopeful-dewdney-b0681c\lib\Release\libDaScript.lib
  libDasModuleStdDlg.vcxproj -> E:\daslang\daScript\hopeful-dewdney-b0681c\lib\Release\libDasModuleStdDlg.lib
  libDasModuleLiveHost.vcxproj -> E:\daslang\daScript\hopeful-dewdney-b0681c\lib\Release\libDasModuleLiveHost.lib
  libDasModulePUGIXML.vcxproj -> E:\daslang\daScript\hopeful-dewdney-b0681c\lib\Release\libDasModulePUGIXML.lib
  libDasModuleMinfft.vcxproj -> E:\daslang\daScript\hopeful-dewdney-b0681c\lib\Release\libDasModuleMinfft.lib
  libDasModuleAudio.vcxproj -> E:\daslang\daScript\hopeful-dewdney-b0681c\lib\Release\libDasModuleAudio.lib
  libDasModuleStbImage.vcxproj -> E:\daslang\daScript\hopeful-dewdney-b0681c\lib\Release\libDasModuleStbImage.lib
  libDasModuleHV.vcxproj -> E:\daslang\daScript\hopeful-dewdney-b0681c\lib\Release\libDasModuleHV.lib
  libDasModuleUnitTest.vcxproj -> E:\daslang\daScript\hopeful-dewdney-b0681c\lib\Release\libDasModuleUnitTest.lib
  libDasModuleGlfw.vcxproj -> E:\daslang\daScript\hopeful-dewdney-b0681c\lib\Release\libDasModuleGlfw.lib
  doctest_main.cpp
  test_annotation_lifetime.cpp
  test_aot_int_narrowing.cpp
  test_c_array_table_api.cpp
  test_capi_i64.cpp
  test_compilation_callback.cpp
  test_eof_no_newline.cpp
  test_file_info_line_index.cpp
  test_fixed_array_interop.cpp
  test_fixed_array_parser.cpp
  test_fixed_array_typedecl.cpp
  test_heap_64bit.cpp
  test_jit_module_resolve.cpp
  test_optional_require.cpp
  test_run_with_catch_clear.cpp
  tests-cpp-small.vcxproj -> E:\daslang\daScript\hopeful-dewdney-b0681c\bin\Release\tests-cpp-small.exe
